AliyunPlayer/gradle-build/Aliyunplayer/player_demo/outputs/logs/manifest-merger-debug-report.txt
-- Merging decision tree log ---
manifest
ADDED from src/main/AndroidManifest.xml:2:1-45:12
INJECTED from src/main/AndroidManifest.xml:2:1-45:12
INJECTED from src/main/AndroidManifest.xml:2:1-45:12
INJECTED from src/main/AndroidManifest.xml:2:1-45:12
INJECTED from src/main/AndroidManifest.xml:2:1-45:12
INJECTED from src/main/AndroidManifest.xml:2:1-45:12
INJECTED from src/main/AndroidManifest.xml:2:1-45:12
	package
		ADDED from src/main/AndroidManifest.xml:3:5-35
		INJECTED from src/main/AndroidManifest.xml
		INJECTED from src/main/AndroidManifest.xml
	android:versionName
		INJECTED from src/main/AndroidManifest.xml
		ADDED from src/main/AndroidManifest.xml:2:1-45:12
		INJECTED from src/main/AndroidManifest.xml
	android:versionCode
		INJECTED from src/main/AndroidManifest.xml
		ADDED from src/main/AndroidManifest.xml:2:1-45:12
		INJECTED from src/main/AndroidManifest.xml
	xmlns:android
		ADDED from src/main/AndroidManifest.xml:2:11-69
uses-permission#android.permission.ACCESS_NETWORK_STATE
ADDED from src/main/AndroidManifest.xml:5:5-79
	android:name
		ADDED from src/main/AndroidManifest.xml:5:22-76
uses-permission#android.permission.ACCESS_WIFI_STATE
ADDED from src/main/AndroidManifest.xml:6:5-76
	android:name
		ADDED from src/main/AndroidManifest.xml:6:22-73
uses-permission#android.permission.INTERNET
ADDED from src/main/AndroidManifest.xml:7:5-67
	android:name
		ADDED from src/main/AndroidManifest.xml:7:22-64
uses-permission#android.permission.WRITE_EXTERNAL_STORAGE
ADDED from src/main/AndroidManifest.xml:8:5-81
	android:name
		ADDED from src/main/AndroidManifest.xml:8:22-78
uses-permission#android.permission.WAKE_LOCK
ADDED from src/main/AndroidManifest.xml:9:5-68
	android:name
		ADDED from src/main/AndroidManifest.xml:9:22-65
uses-permission#android.permission.READ_PHONE_STATE
ADDED from src/main/AndroidManifest.xml:10:5-75
	android:name
		ADDED from src/main/AndroidManifest.xml:10:22-72
uses-permission#android.permission.WRITE_SETTINGS
ADDED from src/main/AndroidManifest.xml:11:5-73
	android:name
		ADDED from src/main/AndroidManifest.xml:11:22-70
uses-permission#android.permission.READ_EXTERNAL_STORAGE
ADDED from src/main/AndroidManifest.xml:12:5-79
	android:name
		ADDED from src/main/AndroidManifest.xml:12:22-77
application
ADDED from src/main/AndroidManifest.xml:14:5-43:19
	android:supportsRtl
		ADDED from src/main/AndroidManifest.xml:16:9-35
	android:allowBackup
		ADDED from src/main/AndroidManifest.xml:15:9-35
activity#com.aliyun.vodplayerview.activity.AliyunPlayerSettingActivity
ADDED from src/main/AndroidManifest.xml:17:9-21:20
	android:screenOrientation
		ADDED from src/main/AndroidManifest.xml:20:13-49
	android:configChanges
		ADDED from src/main/AndroidManifest.xml:19:13-74
	android:name
		ADDED from src/main/AndroidManifest.xml:18:13-89
activity#com.aliyun.vodplayerview.activity.AliyunPlayerSkinActivity
ADDED from src/main/AndroidManifest.xml:23:9-32:20
	android:screenOrientation
		ADDED from src/main/AndroidManifest.xml:25:13-49
	android:configChanges
		ADDED from src/main/AndroidManifest.xml:24:13-74
	android:theme
		ADDED from src/main/AndroidManifest.xml:26:13-63
	android:name
		ADDED from src/main/AndroidManifest.xml:23:19-92
intent-filter#android.intent.category.DEFAULT+com.aliyun.vodplayerview.activity.player
ADDED from src/main/AndroidManifest.xml:28:13-31:29
action#com.aliyun.vodplayerview.activity.player
ADDED from src/main/AndroidManifest.xml:29:17-82
	android:name
		ADDED from src/main/AndroidManifest.xml:29:25-80
category#android.intent.category.DEFAULT
ADDED from src/main/AndroidManifest.xml:30:17-75
	android:name
		ADDED from src/main/AndroidManifest.xml:30:27-73
activity#com.aliyun.vodplayerview.activity.AliyunPlayerSkinActivity2
ADDED from src/main/AndroidManifest.xml:33:9-42:20
	android:screenOrientation
		ADDED from src/main/AndroidManifest.xml:35:13-49
	android:configChanges
		ADDED from src/main/AndroidManifest.xml:34:13-74
	android:theme
		ADDED from src/main/AndroidManifest.xml:36:13-63
	android:name
		ADDED from src/main/AndroidManifest.xml:33:19-93
intent-filter#android.intent.category.DEFAULT+com.aliyun.vodplayerview.activity.player2
ADDED from src/main/AndroidManifest.xml:38:13-41:29
action#com.aliyun.vodplayerview.activity.player2
ADDED from src/main/AndroidManifest.xml:39:17-83
	android:name
		ADDED from src/main/AndroidManifest.xml:39:25-81
uses-sdk
INJECTED from src/main/AndroidManifest.xml reason: use-sdk injection requested
INJECTED from src/main/AndroidManifest.xml
INJECTED from src/main/AndroidManifest.xml
INJECTED from src/main/AndroidManifest.xml
INJECTED from src/main/AndroidManifest.xml
	android:targetSdkVersion
		INJECTED from src/main/AndroidManifest.xml
		ADDED from src/main/AndroidManifest.xml
		INJECTED from src/main/AndroidManifest.xml
	android:minSdkVersion
		INJECTED from src/main/AndroidManifest.xml
		ADDED from src/main/AndroidManifest.xml
		INJECTED from src/main/AndroidManifest.xml